<?xml version="1.0" encoding="UTF-8"?>
<testsuite xmlns:xsi="http://www.w3.org/2001/XMLSchema-instance" xsi:noNamespaceSchemaLocation="https://maven.apache.org/surefire/maven-surefire-plugin/xsd/surefire-test-report-3.0.xsd" version="3.0" name="TestSuite" time="31.113" tests="1" errors="0" skipped="0" failures="0">
  <properties>
[...]
</properties>
  <testcase name="runScenario[&quot;Check Checkout flow&quot;, &quot;Lowest price product Checkout tests&quot;](1)" classname="Runners.TestRunner" time="30.514">
    <system-out><![CDATA[================ BEFORE SUITE ================

@test
Scenario: Check Checkout flow                            &amp#27;[90m# src/test/resources/features/CheapestPriceCheckoutTest.feature:5&amp#27;[0m
11:03:58.493 [main] INFO  Base.TestBase - Initialization Test...
11:03:58.495 [main] INFO  Base.TestBase - TimeStamp: 1697447038
11:03:58.719 [main] INFO  WebDriverManager - Using chromedriver 117.0.5938.149 (resolved driver for Chrome 117)
11:03:58.757 [main] INFO  WebDriverManager - Exporting webdriver.chrome.driver as C:\Users\flori\.cache\selenium\chromedriver\win64\117.0.5938.149\chromedriver.exe
11:03:59.585 [main] INFO  Base.TestBase - Browser Open
11:03:59.724 [main] INFO  Base.TestBase - https://amazon.com
  &amp#27;[32mGiven &amp#27;[0m&amp#27;[32mI am on the &amp#27;[0m&amp#27;[32m&amp#27;[1m"https://amazon.com"&amp#27;[0m&amp#27;[32m page&amp#27;[0m            &amp#27;[90m# StepDefinitions.CheapestPriceCheckoutTest.i_am_on_the_page(java.lang.String)&amp#27;[0m
  &amp#27;[32mWhen &amp#27;[0m&amp#27;[32mI set delivery location to zipcode &amp#27;[0m&amp#27;[32m&amp#27;[1m"44114"&amp#27;[0m        &amp#27;[90m# StepDefinitions.CheapestPriceCheckoutTest.iSetDeliveryLocationToZipcode(java.lang.String)&amp#27;[0m
  &amp#27;[32mWhen &amp#27;[0m&amp#27;[32mI search for &amp#27;[0m&amp#27;[32m&amp#27;[1m"Snickers"&amp#27;[0m                           &amp#27;[90m# StepDefinitions.CheapestPriceCheckoutTest.iSearchFor(java.lang.String)&amp#27;[0m
  &amp#27;[32mThen &amp#27;[0m&amp#27;[32mVerify that result for &amp#27;[0m&amp#27;[32m&amp#27;[1m"Snickers"&amp#27;[0m&amp#27;[32m is displayed&amp#27;[0m    &amp#27;[90m# StepDefinitions.CheapestPriceCheckoutTest.verifyThatResultForIsDisplayed(java.lang.String)&amp#27;[0m
  &amp#27;[32mWhen &amp#27;[0m&amp#27;[32mI apply sorting as &amp#27;[0m&amp#27;[32m&amp#27;[1m"Price: Low to High"&amp#27;[0m           &amp#27;[90m# StepDefinitions.CheapestPriceCheckoutTest.iApplySortingAs(java.lang.String)&amp#27;[0m
  &amp#27;[32mThen &amp#27;[0m&amp#27;[32mI get first lowest price product&amp#27;[0m                  &amp#27;[90m# StepDefinitions.CheapestPriceCheckoutTest.iGetFirstLowestPriceProduct()&amp#27;[0m
  &amp#27;[32mWhen &amp#27;[0m&amp#27;[32mI click on first lowest price product&amp#27;[0m             &amp#27;[90m# StepDefinitions.CheapestPriceCheckoutTest.iClickOnFirstLowestPriceProduct()&amp#27;[0m
  &amp#27;[32mThen &amp#27;[0m&amp#27;[32mVerify that product detail page is displayed&amp#27;[0m      &amp#27;[90m# StepDefinitions.CheapestPriceCheckoutTest.verifyThatProductDetailPageIsDisplayed()&amp#27;[0m
  &amp#27;[32mWhen &amp#27;[0m&amp#27;[32mI click on Add to Cart&amp#27;[0m                            &amp#27;[90m# StepDefinitions.CheapestPriceCheckoutTest.iClickOnAddToCart()&amp#27;[0m
  &amp#27;[32mThen &amp#27;[0m&amp#27;[32mVerify that header cart count increased to &amp#27;[0m&amp#27;[32m&amp#27;[1m"1"&amp#27;[0m    &amp#27;[90m# StepDefinitions.CheapestPriceCheckoutTest.verifyThatHeaderCartCountIncreasedTo(java.lang.String)&amp#27;[0m
  &amp#27;[32mWhen &amp#27;[0m&amp#27;[32mI search for &amp#27;[0m&amp#27;[32m&amp#27;[1m"Skittles"&amp#27;[0m                           &amp#27;[90m# StepDefinitions.CheapestPriceCheckoutTest.iSearchFor(java.lang.String)&amp#27;[0m
  &amp#27;[32mThen &amp#27;[0m&amp#27;[32mVerify that result for &amp#27;[0m&amp#27;[32m&amp#27;[1m"Skittles"&amp#27;[0m&amp#27;[32m is displayed&amp#27;[0m    &amp#27;[90m# StepDefinitions.CheapestPriceCheckoutTest.verifyThatResultForIsDisplayed(java.lang.String)&amp#27;[0m
  &amp#27;[32mWhen &amp#27;[0m&amp#27;[32mI apply sorting as &amp#27;[0m&amp#27;[32m&amp#27;[1m"Price: Low to High"&amp#27;[0m           &amp#27;[90m# StepDefinitions.CheapestPriceCheckoutTest.iApplySortingAs(java.lang.String)&amp#27;[0m
  &amp#27;[32mThen &amp#27;[0m&amp#27;[32mI get first lowest price product&amp#27;[0m                  &amp#27;[90m# StepDefinitions.CheapestPriceCheckoutTest.iGetFirstLowestPriceProduct()&amp#27;[0m
  &amp#27;[32mWhen &amp#27;[0m&amp#27;[32mI click on first lowest price product&amp#27;[0m             &amp#27;[90m# StepDefinitions.CheapestPriceCheckoutTest.iClickOnFirstLowestPriceProduct()&amp#27;[0m
  &amp#27;[32mThen &amp#27;[0m&amp#27;[32mVerify that product detail page is displayed&amp#27;[0m      &amp#27;[90m# StepDefinitions.CheapestPriceCheckoutTest.verifyThatProductDetailPageIsDisplayed()&amp#27;[0m
  &amp#27;[32mWhen &amp#27;[0m&amp#27;[32mI click on Add to Cart&amp#27;[0m                            &amp#27;[90m# StepDefinitions.CheapestPriceCheckoutTest.iClickOnAddToCart()&amp#27;[0m
  &amp#27;[32mThen &amp#27;[0m&amp#27;[32mVerify that header cart count increased to &amp#27;[0m&amp#27;[32m&amp#27;[1m"2"&amp#27;[0m    &amp#27;[90m# StepDefinitions.CheapestPriceCheckoutTest.verifyThatHeaderCartCountIncreasedTo(java.lang.String)&amp#27;[0m
  &amp#27;[32mWhen &amp#27;[0m&amp#27;[32mI click on cart icon from header&amp#27;[0m                  &amp#27;[90m# StepDefinitions.CheapestPriceCheckoutTest.iClickOnCartIconFromHeader()&amp#27;[0m
  &amp#27;[32mThen &amp#27;[0m&amp#27;[32mVerify that cart page is displayed with &amp#27;[0m&amp#27;[32m&amp#27;[1m"2 items"&amp#27;[0m &amp#27;[90m# StepDefinitions.CheapestPriceCheckoutTest.verifyThatCartPageIsDisplayed(java.lang.String)&amp#27;[0m
11:04:27.328 [main] INFO  Base.TestBase - 2.80
11:04:27.328 [main] INFO  Base.TestBase - 2.80
11:04:27.329 [main] INFO  Base.TestBase - 2.8
11:04:27.329 [main] INFO  Base.TestBase - 2.76
11:04:27.329 [main] INFO  Base.TestBase - 2.76
11:04:27.329 [main] INFO  Base.TestBase - 2.76
11:04:27.329 [main] INFO  Base.TestBase - 5.56
Formatted Sum: 5.56
  &amp#27;[32mThen &amp#27;[0m&amp#27;[32mVerify that product wise total price calculated&amp#27;[0m   &amp#27;[90m# StepDefinitions.CheapestPriceCheckoutTest.verifyThatProductWiseTotalPriceCalculated()&amp#27;[0m
  &amp#27;[32mWhen &amp#27;[0m&amp#27;[32mI click on checkout button&amp#27;[0m                        &amp#27;[90m# StepDefinitions.CheapestPriceCheckoutTest.iClickOnCheckoutButton()&amp#27;[0m
  &amp#27;[32mThen &amp#27;[0m&amp#27;[32mVerify that Sign In page is displayed&amp#27;[0m             &amp#27;[90m# StepDefinitions.CheapestPriceCheckoutTest.verifyThatSignInPageIsDisplayed()&amp#27;[0m
]]></system-out>
  </testcase>
</testsuite>