<?xml version="1.0" encoding="UTF-8"?>
<testng-results ignored="0" total="1" passed="1" failed="0" skipped="0">
  <reporter-output>
  </reporter-output>
  <suite started-at="2023-10-16T11:03:57 MESZ" name="Surefire suite" finished-at="2023-10-16T11:04:28 MESZ" duration-ms="30828">
    <groups>
      <group name="cucumber">
        <method signature="AbstractTestNGCucumberTests.runScenario(io.cucumber.testng.PickleWrapper,io.cucumber.testng.FeatureWrapper)[pri:0, instance:Runners.TestRunner@1165b38]" name="runScenario" class="io.cucumber.testng.AbstractTestNGCucumberTests"/>
      </group> <!-- cucumber -->
    </groups>
    <test started-at="2023-10-16T11:03:57 MESZ" name="Surefire test" finished-at="2023-10-16T11:04:28 MESZ" duration-ms="30828">
      <class name="Runners.TestRunner">
        <test-method is-config="true" signature="beforeSuite()[pri:0, instance:Runners.TestRunner@1165b38]" started-at="2023-10-16T11:03:57 MESZ" name="beforeSuite" finished-at="2023-10-16T11:03:57 MESZ" duration-ms="7" status="PASS">
          <reporter-output>
          </reporter-output>
        </test-method> <!-- beforeSuite -->
        <test-method is-config="true" signature="setUpClass(org.testng.ITestContext)[pri:0, instance:Runners.TestRunner@1165b38]" started-at="2023-10-16T11:03:57 MESZ" name="setUpClass" finished-at="2023-10-16T11:03:58 MESZ" duration-ms="265" status="PASS">
          <params>
            <param index="0">
              <value>
                <![CDATA[org.testng.TestRunner@6a6da47a]]>
              </value>
            </param>
          </params>
          <reporter-output>
          </reporter-output>
        </test-method> <!-- setUpClass -->
        <test-method signature="runScenario(io.cucumber.testng.PickleWrapper,io.cucumber.testng.FeatureWrapper)[pri:0, instance:Runners.TestRunner@1165b38]" started-at="2023-10-16T11:03:58 MESZ" name="runScenario" description="Runs Cucumber Scenarios" data-provider="scenarios" finished-at="2023-10-16T11:04:28 MESZ" duration-ms="30512" status="PASS">
          <params>
            <param index="0">
              <value>
                <![CDATA["Check Checkout flow"]]>
              </value>
            </param>
            <param index="1">
              <value>
                <![CDATA["Lowest price product Checkout tests"]]>
              </value>
            </param>
          </params>
          <reporter-output>
          </reporter-output>
        </test-method> <!-- runScenario -->
        <test-method is-config="true" signature="tearDownClass()[pri:0, instance:Runners.TestRunner@1165b38]" started-at="2023-10-16T11:04:28 MESZ" name="tearDownClass" finished-at="2023-10-16T11:04:28 MESZ" duration-ms="32" status="PASS">
          <reporter-output>
          </reporter-output>
        </test-method> <!-- tearDownClass -->
        <test-method is-config="true" signature="afterSuite()[pri:0, instance:Runners.TestRunner@1165b38]" started-at="2023-10-16T11:04:28 MESZ" name="afterSuite" finished-at="2023-10-16T11:04:28 MESZ" duration-ms="1" status="PASS">
          <reporter-output>
          </reporter-output>
        </test-method> <!-- afterSuite -->
      </class> <!-- Runners.TestRunner -->
    </test> <!-- Surefire test -->
  </suite> <!-- Surefire suite -->
</testng-results>
